mingw32-make: Entering directory 'c:/Users/ZACHAR~1/Desktop/REPOSI~1/CFD/output/TMP_ON~1'
clang -municode  -Os -DOM_HAVE_PTHREADS -Wno-parentheses-equality -falign-functions -mstackrealign -msse2 -mfpmath=sse     "-IC:/Users/ZacharyCooper-Baldoc/AppData/Roaming/.openmodelica/libraries/Modelica 4.1.0+maint.om/Resources/C-Sources" "-IC:/OMLibs/modelica-buildings/Buildings/Resources/C-Sources" -I"C:/OpenModelica/include/omc/c" -I"C:/OpenModelica/include/omc" -I. -DOPENMODELICA_XML_FROM_FILE_AT_RUNTIME -DOMC_MODEL_PREFIX=tmp_one_port -DOMC_NUM_MIXED_SYSTEMS=0 -DOMC_NUM_LINEAR_SYSTEMS=2 -DOMC_NUM_NONLINEAR_SYSTEMS=2 -DOMC_NDELAY_EXPRESSIONS=0 -DOMC_NVAR_STRING=0  -c -o tmp_one_port.o tmp_one_port.c
clang -municode  -Os -DOM_HAVE_PTHREADS -Wno-parentheses-equality -falign-functions -mstackrealign -msse2 -mfpmath=sse     "-IC:/Users/ZacharyCooper-Baldoc/AppData/Roaming/.openmodelica/libraries/Modelica 4.1.0+maint.om/Resources/C-Sources" "-IC:/OMLibs/modelica-buildings/Buildings/Resources/C-Sources" -I"C:/OpenModelica/include/omc/c" -I"C:/OpenModelica/include/omc" -I. -DOPENMODELICA_XML_FROM_FILE_AT_RUNTIME -DOMC_MODEL_PREFIX=tmp_one_port -DOMC_NUM_MIXED_SYSTEMS=0 -DOMC_NUM_LINEAR_SYSTEMS=2 -DOMC_NUM_NONLINEAR_SYSTEMS=2 -DOMC_NDELAY_EXPRESSIONS=0 -DOMC_NVAR_STRING=0  -c -o tmp_one_port_functions.o tmp_one_port_functions.c
clang -municode  -Os -DOM_HAVE_PTHREADS -Wno-parentheses-equality -falign-functions -mstackrealign -msse2 -mfpmath=sse     "-IC:/Users/ZacharyCooper-Baldoc/AppData/Roaming/.openmodelica/libraries/Modelica 4.1.0+maint.om/Resources/C-Sources" "-IC:/OMLibs/modelica-buildings/Buildings/Resources/C-Sources" -I"C:/OpenModelica/include/omc/c" -I"C:/OpenModelica/include/omc" -I. -DOPENMODELICA_XML_FROM_FILE_AT_RUNTIME -DOMC_MODEL_PREFIX=tmp_one_port -DOMC_NUM_MIXED_SYSTEMS=0 -DOMC_NUM_LINEAR_SYSTEMS=2 -DOMC_NUM_NONLINEAR_SYSTEMS=2 -DOMC_NDELAY_EXPRESSIONS=0 -DOMC_NVAR_STRING=0  -c -o tmp_one_port_records.o tmp_one_port_records.c
clang -municode  -Os -DOM_HAVE_PTHREADS -Wno-parentheses-equality -falign-functions -mstackrealign -msse2 -mfpmath=sse     "-IC:/Users/ZacharyCooper-Baldoc/AppData/Roaming/.openmodelica/libraries/Modelica 4.1.0+maint.om/Resources/C-Sources" "-IC:/OMLibs/modelica-buildings/Buildings/Resources/C-Sources" -I"C:/OpenModelica/include/omc/c" -I"C:/OpenModelica/include/omc" -I. -DOPENMODELICA_XML_FROM_FILE_AT_RUNTIME -DOMC_MODEL_PREFIX=tmp_one_port -DOMC_NUM_MIXED_SYSTEMS=0 -DOMC_NUM_LINEAR_SYSTEMS=2 -DOMC_NUM_NONLINEAR_SYSTEMS=2 -DOMC_NDELAY_EXPRESSIONS=0 -DOMC_NVAR_STRING=0  -c -o tmp_one_port_01exo.o tmp_one_port_01exo.c
clang -municode  -Os -DOM_HAVE_PTHREADS -Wno-parentheses-equality -falign-functions -mstackrealign -msse2 -mfpmath=sse     "-IC:/Users/ZacharyCooper-Baldoc/AppData/Roaming/.openmodelica/libraries/Modelica 4.1.0+maint.om/Resources/C-Sources" "-IC:/OMLibs/modelica-buildings/Buildings/Resources/C-Sources" -I"C:/OpenModelica/include/omc/c" -I"C:/OpenModelica/include/omc" -I. -DOPENMODELICA_XML_FROM_FILE_AT_RUNTIME -DOMC_MODEL_PREFIX=tmp_one_port -DOMC_NUM_MIXED_SYSTEMS=0 -DOMC_NUM_LINEAR_SYSTEMS=2 -DOMC_NUM_NONLINEAR_SYSTEMS=2 -DOMC_NDELAY_EXPRESSIONS=0 -DOMC_NVAR_STRING=0  -c -o tmp_one_port_02nls.o tmp_one_port_02nls.c
clang -municode  -Os -DOM_HAVE_PTHREADS -Wno-parentheses-equality -falign-functions -mstackrealign -msse2 -mfpmath=sse     "-IC:/Users/ZacharyCooper-Baldoc/AppData/Roaming/.openmodelica/libraries/Modelica 4.1.0+maint.om/Resources/C-Sources" "-IC:/OMLibs/modelica-buildings/Buildings/Resources/C-Sources" -I"C:/OpenModelica/include/omc/c" -I"C:/OpenModelica/include/omc" -I. -DOPENMODELICA_XML_FROM_FILE_AT_RUNTIME -DOMC_MODEL_PREFIX=tmp_one_port -DOMC_NUM_MIXED_SYSTEMS=0 -DOMC_NUM_LINEAR_SYSTEMS=2 -DOMC_NUM_NONLINEAR_SYSTEMS=2 -DOMC_NDELAY_EXPRESSIONS=0 -DOMC_NVAR_STRING=0  -c -o tmp_one_port_03lsy.o tmp_one_port_03lsy.c
clang -municode  -Os -DOM_HAVE_PTHREADS -Wno-parentheses-equality -falign-functions -mstackrealign -msse2 -mfpmath=sse     "-IC:/Users/ZacharyCooper-Baldoc/AppData/Roaming/.openmodelica/libraries/Modelica 4.1.0+maint.om/Resources/C-Sources" "-IC:/OMLibs/modelica-buildings/Buildings/Resources/C-Sources" -I"C:/OpenModelica/include/omc/c" -I"C:/OpenModelica/include/omc" -I. -DOPENMODELICA_XML_FROM_FILE_AT_RUNTIME -DOMC_MODEL_PREFIX=tmp_one_port -DOMC_NUM_MIXED_SYSTEMS=0 -DOMC_NUM_LINEAR_SYSTEMS=2 -DOMC_NUM_NONLINEAR_SYSTEMS=2 -DOMC_NDELAY_EXPRESSIONS=0 -DOMC_NVAR_STRING=0  -c -o tmp_one_port_04set.o tmp_one_port_04set.c
clang -municode  -Os -DOM_HAVE_PTHREADS -Wno-parentheses-equality -falign-functions -mstackrealign -msse2 -mfpmath=sse     "-IC:/Users/ZacharyCooper-Baldoc/AppData/Roaming/.openmodelica/libraries/Modelica 4.1.0+maint.om/Resources/C-Sources" "-IC:/OMLibs/modelica-buildings/Buildings/Resources/C-Sources" -I"C:/OpenModelica/include/omc/c" -I"C:/OpenModelica/include/omc" -I. -DOPENMODELICA_XML_FROM_FILE_AT_RUNTIME -DOMC_MODEL_PREFIX=tmp_one_port -DOMC_NUM_MIXED_SYSTEMS=0 -DOMC_NUM_LINEAR_SYSTEMS=2 -DOMC_NUM_NONLINEAR_SYSTEMS=2 -DOMC_NDELAY_EXPRESSIONS=0 -DOMC_NVAR_STRING=0  -c -o tmp_one_port_05evt.o tmp_one_port_05evt.c
clang -municode  -Os -DOM_HAVE_PTHREADS -Wno-parentheses-equality -falign-functions -mstackrealign -msse2 -mfpmath=sse     "-IC:/Users/ZacharyCooper-Baldoc/AppData/Roaming/.openmodelica/libraries/Modelica 4.1.0+maint.om/Resources/C-Sources" "-IC:/OMLibs/modelica-buildings/Buildings/Resources/C-Sources" -I"C:/OpenModelica/include/omc/c" -I"C:/OpenModelica/include/omc" -I. -DOPENMODELICA_XML_FROM_FILE_AT_RUNTIME -DOMC_MODEL_PREFIX=tmp_one_port -DOMC_NUM_MIXED_SYSTEMS=0 -DOMC_NUM_LINEAR_SYSTEMS=2 -DOMC_NUM_NONLINEAR_SYSTEMS=2 -DOMC_NDELAY_EXPRESSIONS=0 -DOMC_NVAR_STRING=0  -c -o tmp_one_port_06inz.o tmp_one_port_06inz.c
      0 [main] sh (48528) C:\OPENMO~1\tools\msys\usr\bin\sh.exe: *** fatal error - couldn't create signal pipe, Win32 error 5
      0 [main] sh (13020) C:\OPENMO~1\tools\msys\usr\bin\sh.exe: *** fatal error - CreateFileMapping S-1-12-1-1739672924-1239548376-3687799741-1797775187.1, Win32 error 5.  Terminating.
      1 [main] sh (51980) C:\OPENMO~1\tools\msys\usr\bin\sh.exe: *** fatal error - CreateFileMapping S-1-12-1-1739672924-1239548376-3687799741-1797775187.1, Win32 error 5.  Terminating.
      0 [main] sh (17000) C:\OPENMO~1\tools\msys\usr\bin\sh.exe: *** fatal error - CreateFileMapping S-1-12-1-1739672924-1239548376-3687799741-1797775187.1, Win32 error 5.  Terminating.
      1 [main] sh (39788) C:\OPENMO~1\tools\msys\usr\bin\sh.exe: *** fatal error - CreateFileMapping S-1-12-1-1739672924-1239548376-3687799741-1797775187.1, Win32 error 5.  Terminating.
      0 [main] sh (28716) C:\OPENMO~1\tools\msys\usr\bin\sh.exe: *** fatal error - CreateFileMapping S-1-12-1-1739672924-1239548376-3687799741-1797775187.1, Win32 error 5.  Terminating.
      0 [main] sh (21284) C:\OPENMO~1\tools\msys\usr\bin\sh.exe: *** fatal error - CreateFileMapping S-1-12-1-1739672924-1239548376-3687799741-1797775187.1, Win32 error 5.  Terminating.
      0 [main] sh (38232) C:\OPENMO~1\tools\msys\usr\bin\sh.exe: *** fatal error - CreateFileMapping S-1-12-1-1739672924-1239548376-3687799741-1797775187.1, Win32 error 5.  Terminating.
clang -municode  -Os -DOM_HAVE_PTHREADS -Wno-parentheses-equality -falign-functions -mstackrealign -msse2 -mfpmath=sse     "-IC:/Users/ZacharyCooper-Baldoc/AppData/Roaming/.openmodelica/libraries/Modelica 4.1.0+maint.om/Resources/C-Sources" "-IC:/OMLibs/modelica-buildings/Buildings/Resources/C-Sources" -I"C:/OpenModelica/include/omc/c" -I"C:/OpenModelica/include/omc" -I. -DOPENMODELICA_XML_FROM_FILE_AT_RUNTIME -DOMC_MODEL_PREFIX=tmp_one_port -DOMC_NUM_MIXED_SYSTEMS=0 -DOMC_NUM_LINEAR_SYSTEMS=2 -DOMC_NUM_NONLINEAR_SYSTEMS=2 -DOMC_NDELAY_EXPRESSIONS=0 -DOMC_NVAR_STRING=0  -c -o tmp_one_port_07dly.o tmp_one_port_07dly.c
clang -municode  -Os -DOM_HAVE_PTHREADS -Wno-parentheses-equality -falign-functions -mstackrealign -msse2 -mfpmath=sse     "-IC:/Users/ZacharyCooper-Baldoc/AppData/Roaming/.openmodelica/libraries/Modelica 4.1.0+maint.om/Resources/C-Sources" "-IC:/OMLibs/modelica-buildings/Buildings/Resources/C-Sources" -I"C:/OpenModelica/include/omc/c" -I"C:/OpenModelica/include/omc" -I. -DOPENMODELICA_XML_FROM_FILE_AT_RUNTIME -DOMC_MODEL_PREFIX=tmp_one_port -DOMC_NUM_MIXED_SYSTEMS=0 -DOMC_NUM_LINEAR_SYSTEMS=2 -DOMC_NUM_NONLINEAR_SYSTEMS=2 -DOMC_NDELAY_EXPRESSIONS=0 -DOMC_NVAR_STRING=0  -c -o tmp_one_port_08bnd.o tmp_one_port_08bnd.c
      0 [main] sh (6888) C:\OPENMO~1\tools\msys\usr\bin\sh.exe: *** fatal error - CreateFileMapping S-1-12-1-1739672924-1239548376-3687799741-1797775187.1, Win32 error 5.  Terminating.
clang -municode  -Os -DOM_HAVE_PTHREADS -Wno-parentheses-equality -falign-functions -mstackrealign -msse2 -mfpmath=sse     "-IC:/Users/ZacharyCooper-Baldoc/AppData/Roaming/.openmodelica/libraries/Modelica 4.1.0+maint.om/Resources/C-Sources" "-IC:/OMLibs/modelica-buildings/Buildings/Resources/C-Sources" -I"C:/OpenModelica/include/omc/c" -I"C:/OpenModelica/include/omc" -I. -DOPENMODELICA_XML_FROM_FILE_AT_RUNTIME -DOMC_MODEL_PREFIX=tmp_one_port -DOMC_NUM_MIXED_SYSTEMS=0 -DOMC_NUM_LINEAR_SYSTEMS=2 -DOMC_NUM_NONLINEAR_SYSTEMS=2 -DOMC_NDELAY_EXPRESSIONS=0 -DOMC_NVAR_STRING=0  -c -o tmp_one_port_09alg.o tmp_one_port_09alg.c
      0 [main] sh (37792) C:\OPENMO~1\tools\msys\usr\bin\sh.exe: *** fatal error - CreateFileMapping S-1-12-1-1739672924-1239548376-3687799741-1797775187.1, Win32 error 5.  Terminating.
clang -municode  -Os -DOM_HAVE_PTHREADS -Wno-parentheses-equality -falign-functions -mstackrealign -msse2 -mfpmath=sse     "-IC:/Users/ZacharyCooper-Baldoc/AppData/Roaming/.openmodelica/libraries/Modelica 4.1.0+maint.om/Resources/C-Sources" "-IC:/OMLibs/modelica-buildings/Buildings/Resources/C-Sources" -I"C:/OpenModelica/include/omc/c" -I"C:/OpenModelica/include/omc" -I. -DOPENMODELICA_XML_FROM_FILE_AT_RUNTIME -DOMC_MODEL_PREFIX=tmp_one_port -DOMC_NUM_MIXED_SYSTEMS=0 -DOMC_NUM_LINEAR_SYSTEMS=2 -DOMC_NUM_NONLINEAR_SYSTEMS=2 -DOMC_NDELAY_EXPRESSIONS=0 -DOMC_NVAR_STRING=0  -c -o tmp_one_port_10asr.o tmp_one_port_10asr.c
      0 [main] sh (42616) C:\OPENMO~1\tools\msys\usr\bin\sh.exe: *** fatal error - CreateFileMapping S-1-12-1-1739672924-1239548376-3687799741-1797775187.1, Win32 error 5.  Terminating.
clang -municode  -Os -DOM_HAVE_PTHREADS -Wno-parentheses-equality -falign-functions -mstackrealign -msse2 -mfpmath=sse     "-IC:/Users/ZacharyCooper-Baldoc/AppData/Roaming/.openmodelica/libraries/Modelica 4.1.0+maint.om/Resources/C-Sources" "-IC:/OMLibs/modelica-buildings/Buildings/Resources/C-Sources" -I"C:/OpenModelica/include/omc/c" -I"C:/OpenModelica/include/omc" -I. -DOPENMODELICA_XML_FROM_FILE_AT_RUNTIME -DOMC_MODEL_PREFIX=tmp_one_port -DOMC_NUM_MIXED_SYSTEMS=0 -DOMC_NUM_LINEAR_SYSTEMS=2 -DOMC_NUM_NONLINEAR_SYSTEMS=2 -DOMC_NDELAY_EXPRESSIONS=0 -DOMC_NVAR_STRING=0  -c -o tmp_one_port_11mix.o tmp_one_port_11mix.c
      1 [main] sh (40672) C:\OPENMO~1\tools\msys\usr\bin\sh.exe: *** fatal error - CreateFileMapping S-1-12-1-1739672924-1239548376-3687799741-1797775187.1, Win32 error 5.  Terminating.
clang -municode  -Os -DOM_HAVE_PTHREADS -Wno-parentheses-equality -falign-functions -mstackrealign -msse2 -mfpmath=sse     "-IC:/Users/ZacharyCooper-Baldoc/AppData/Roaming/.openmodelica/libraries/Modelica 4.1.0+maint.om/Resources/C-Sources" "-IC:/OMLibs/modelica-buildings/Buildings/Resources/C-Sources" -I"C:/OpenModelica/include/omc/c" -I"C:/OpenModelica/include/omc" -I. -DOPENMODELICA_XML_FROM_FILE_AT_RUNTIME -DOMC_MODEL_PREFIX=tmp_one_port -DOMC_NUM_MIXED_SYSTEMS=0 -DOMC_NUM_LINEAR_SYSTEMS=2 -DOMC_NUM_NONLINEAR_SYSTEMS=2 -DOMC_NDELAY_EXPRESSIONS=0 -DOMC_NVAR_STRING=0  -c -o tmp_one_port_12jac.o tmp_one_port_12jac.c
      0 [main] sh (29928) C:\OPENMO~1\tools\msys\usr\bin\sh.exe: *** fatal error - CreateFileMapping S-1-12-1-1739672924-1239548376-3687799741-1797775187.1, Win32 error 5.  Terminating.
clang -municode  -Os -DOM_HAVE_PTHREADS -Wno-parentheses-equality -falign-functions -mstackrealign -msse2 -mfpmath=sse     "-IC:/Users/ZacharyCooper-Baldoc/AppData/Roaming/.openmodelica/libraries/Modelica 4.1.0+maint.om/Resources/C-Sources" "-IC:/OMLibs/modelica-buildings/Buildings/Resources/C-Sources" -I"C:/OpenModelica/include/omc/c" -I"C:/OpenModelica/include/omc" -I. -DOPENMODELICA_XML_FROM_FILE_AT_RUNTIME -DOMC_MODEL_PREFIX=tmp_one_port -DOMC_NUM_MIXED_SYSTEMS=0 -DOMC_NUM_LINEAR_SYSTEMS=2 -DOMC_NUM_NONLINEAR_SYSTEMS=2 -DOMC_NDELAY_EXPRESSIONS=0 -DOMC_NVAR_STRING=0  -c -o tmp_one_port_13opt.o tmp_one_port_13opt.c
      0 [main] sh (50880) C:\OPENMO~1\tools\msys\usr\bin\sh.exe: *** fatal error - CreateFileMapping S-1-12-1-1739672924-1239548376-3687799741-1797775187.1, Win32 error 5.  Terminating.
clang -municode  -Os -DOM_HAVE_PTHREADS -Wno-parentheses-equality -falign-functions -mstackrealign -msse2 -mfpmath=sse     "-IC:/Users/ZacharyCooper-Baldoc/AppData/Roaming/.openmodelica/libraries/Modelica 4.1.0+maint.om/Resources/C-Sources" "-IC:/OMLibs/modelica-buildings/Buildings/Resources/C-Sources" -I"C:/OpenModelica/include/omc/c" -I"C:/OpenModelica/include/omc" -I. -DOPENMODELICA_XML_FROM_FILE_AT_RUNTIME -DOMC_MODEL_PREFIX=tmp_one_port -DOMC_NUM_MIXED_SYSTEMS=0 -DOMC_NUM_LINEAR_SYSTEMS=2 -DOMC_NUM_NONLINEAR_SYSTEMS=2 -DOMC_NDELAY_EXPRESSIONS=0 -DOMC_NVAR_STRING=0  -c -o tmp_one_port_14lnz.o tmp_one_port_14lnz.c
      0 [main] sh (34772) C:\OPENMO~1\tools\msys\usr\bin\sh.exe: *** fatal error - CreateFileMapping S-1-12-1-1739672924-1239548376-3687799741-1797775187.1, Win32 error 5.  Terminating.
clang -municode  -Os -DOM_HAVE_PTHREADS -Wno-parentheses-equality -falign-functions -mstackrealign -msse2 -mfpmath=sse     "-IC:/Users/ZacharyCooper-Baldoc/AppData/Roaming/.openmodelica/libraries/Modelica 4.1.0+maint.om/Resources/C-Sources" "-IC:/OMLibs/modelica-buildings/Buildings/Resources/C-Sources" -I"C:/OpenModelica/include/omc/c" -I"C:/OpenModelica/include/omc" -I. -DOPENMODELICA_XML_FROM_FILE_AT_RUNTIME -DOMC_MODEL_PREFIX=tmp_one_port -DOMC_NUM_MIXED_SYSTEMS=0 -DOMC_NUM_LINEAR_SYSTEMS=2 -DOMC_NUM_NONLINEAR_SYSTEMS=2 -DOMC_NDELAY_EXPRESSIONS=0 -DOMC_NVAR_STRING=0  -c -o tmp_one_port_15syn.o tmp_one_port_15syn.c
      0 [main] sh (9192) C:\OPENMO~1\tools\msys\usr\bin\sh.exe: *** fatal error - CreateFileMapping S-1-12-1-1739672924-1239548376-3687799741-1797775187.1, Win32 error 5.  Terminating.
clang -municode  -Os -DOM_HAVE_PTHREADS -Wno-parentheses-equality -falign-functions -mstackrealign -msse2 -mfpmath=sse     "-IC:/Users/ZacharyCooper-Baldoc/AppData/Roaming/.openmodelica/libraries/Modelica 4.1.0+maint.om/Resources/C-Sources" "-IC:/OMLibs/modelica-buildings/Buildings/Resources/C-Sources" -I"C:/OpenModelica/include/omc/c" -I"C:/OpenModelica/include/omc" -I. -DOPENMODELICA_XML_FROM_FILE_AT_RUNTIME -DOMC_MODEL_PREFIX=tmp_one_port -DOMC_NUM_MIXED_SYSTEMS=0 -DOMC_NUM_LINEAR_SYSTEMS=2 -DOMC_NUM_NONLINEAR_SYSTEMS=2 -DOMC_NDELAY_EXPRESSIONS=0 -DOMC_NVAR_STRING=0  -c -o tmp_one_port_16dae.o tmp_one_port_16dae.c
      0 [main] sh (22592) C:\OPENMO~1\tools\msys\usr\bin\sh.exe: *** fatal error - CreateFileMapping S-1-12-1-1739672924-1239548376-3687799741-1797775187.1, Win32 error 5.  Terminating.
clang -municode  -Os -DOM_HAVE_PTHREADS -Wno-parentheses-equality -falign-functions -mstackrealign -msse2 -mfpmath=sse     "-IC:/Users/ZacharyCooper-Baldoc/AppData/Roaming/.openmodelica/libraries/Modelica 4.1.0+maint.om/Resources/C-Sources" "-IC:/OMLibs/modelica-buildings/Buildings/Resources/C-Sources" -I"C:/OpenModelica/include/omc/c" -I"C:/OpenModelica/include/omc" -I. -DOPENMODELICA_XML_FROM_FILE_AT_RUNTIME -DOMC_MODEL_PREFIX=tmp_one_port -DOMC_NUM_MIXED_SYSTEMS=0 -DOMC_NUM_LINEAR_SYSTEMS=2 -DOMC_NUM_NONLINEAR_SYSTEMS=2 -DOMC_NDELAY_EXPRESSIONS=0 -DOMC_NVAR_STRING=0  -c -o tmp_one_port_17inl.o tmp_one_port_17inl.c
clang -municode  -Os -DOM_HAVE_PTHREADS -Wno-parentheses-equality -falign-functions -mstackrealign -msse2 -mfpmath=sse     "-IC:/Users/ZacharyCooper-Baldoc/AppData/Roaming/.openmodelica/libraries/Modelica 4.1.0+maint.om/Resources/C-Sources" "-IC:/OMLibs/modelica-buildings/Buildings/Resources/C-Sources" -I"C:/OpenModelica/include/omc/c" -I"C:/OpenModelica/include/omc" -I. -DOPENMODELICA_XML_FROM_FILE_AT_RUNTIME -DOMC_MODEL_PREFIX=tmp_one_port -DOMC_NUM_MIXED_SYSTEMS=0 -DOMC_NUM_LINEAR_SYSTEMS=2 -DOMC_NUM_NONLINEAR_SYSTEMS=2 -DOMC_NDELAY_EXPRESSIONS=0 -DOMC_NVAR_STRING=0  -c -o tmp_one_port_18spd.o tmp_one_port_18spd.c
      0 [main] sh (3172) C:\OPENMO~1\tools\msys\usr\bin\sh.exe: *** fatal error - CreateFileMapping S-1-12-1-1739672924-1239548376-3687799741-1797775187.1, Win32 error 5.  Terminating.
clang -municode  -Os -DOM_HAVE_PTHREADS -Wno-parentheses-equality -falign-functions -mstackrealign -msse2 -mfpmath=sse     "-IC:/Users/ZacharyCooper-Baldoc/AppData/Roaming/.openmodelica/libraries/Modelica 4.1.0+maint.om/Resources/C-Sources" "-IC:/OMLibs/modelica-buildings/Buildings/Resources/C-Sources" -I"C:/OpenModelica/include/omc/c" -I"C:/OpenModelica/include/omc" -I. -DOPENMODELICA_XML_FROM_FILE_AT_RUNTIME -DOMC_MODEL_PREFIX=tmp_one_port -DOMC_NUM_MIXED_SYSTEMS=0 -DOMC_NUM_LINEAR_SYSTEMS=2 -DOMC_NUM_NONLINEAR_SYSTEMS=2 -DOMC_NDELAY_EXPRESSIONS=0 -DOMC_NVAR_STRING=0  -c -o tmp_one_port_08bnd_part0.o tmp_one_port_08bnd_part0.c
      1 [main] sh (49044) C:\OPENMO~1\tools\msys\usr\bin\sh.exe: *** fatal error - CreateFileMapping S-1-12-1-1739672924-1239548376-3687799741-1797775187.1, Win32 error 5.  Terminating.
      0 [main] sh (20668) C:\OPENMO~1\tools\msys\usr\bin\sh.exe: *** fatal error - CreateFileMapping S-1-12-1-1739672924-1239548376-3687799741-1797775187.1, Win32 error 5.  Terminating.
      1 [main] sh (3304) C:\OPENMO~1\tools\msys\usr\bin\sh.exe: *** fatal error - CreateFileMapping S-1-12-1-1739672924-1239548376-3687799741-1797775187.1, Win32 error 5.  Terminating.
      0 [main] sh (52560) C:\OPENMO~1\tools\msys\usr\bin\sh.exe: *** fatal error - CreateFileMapping S-1-12-1-1739672924-1239548376-3687799741-1797775187.1, Win32 error 5.  Terminating.
mingw32-make: *** [<builtin>: tmp_one_port_08bnd.o] Error -1073741502
mingw32-make: *** Waiting for unfinished jobs....
mingw32-make: *** [<builtin>: tmp_one_port_records.o] Error -1073741502
mingw32-make: *** [<builtin>: tmp_one_port_17inl.o] Error -1073741502
mingw32-make: *** [<builtin>: tmp_one_port_18spd.o] Error -1073741502
mingw32-make: *** [<builtin>: tmp_one_port_15syn.o] Error -1073741502
mingw32-make: *** [<builtin>: tmp_one_port_09alg.o] Error -1073741502
mingw32-make: *** [<builtin>: tmp_one_port_06inz.o] Error -1073741502
mingw32-make: *** [<builtin>: tmp_one_port_functions.o] Error -1073741502
mingw32-make: *** [<builtin>: tmp_one_port_14lnz.o] Error -1073741502
mingw32-make: *** [<builtin>: tmp_one_port_10asr.o] Error -1073741502
mingw32-make: *** [<builtin>: tmp_one_port_01exo.o] Error -1073741502
mingw32-make: *** [<builtin>: tmp_one_port_13opt.o] Error -1073741502
mingw32-make: *** [<builtin>: tmp_one_port_08bnd_part0.o] Error -1073741502
mingw32-make: *** [<builtin>: tmp_one_port.o] Error -1073741502
mingw32-make: *** [<builtin>: tmp_one_port_02nls.o] Error -1073741502
mingw32-make: *** [<builtin>: tmp_one_port_12jac.o] Error -1073741502
mingw32-make: *** [<builtin>: tmp_one_port_04set.o] Error -1073741502
mingw32-make: *** [<builtin>: tmp_one_port_05evt.o] Error -1073741502
mingw32-make: *** [<builtin>: tmp_one_port_11mix.o] Error -1073741502
mingw32-make: *** [<builtin>: tmp_one_port_03lsy.o] Error -1073741502
mingw32-make: *** [<builtin>: tmp_one_port_07dly.o] Error -1073741502
mingw32-make: *** [<builtin>: tmp_one_port_16dae.o] Error -1073741502
mingw32-make: Leaving directory 'c:/Users/ZACHAR~1/Desktop/REPOSI~1/CFD/output/TMP_ON~1'
RESULT: 2 
