mingw32-make: Entering directory 'c:/Users/ZACHAR~1/Desktop/REPOSI~1/CFD/output/TM61FA~1'
clang -municode  -Os -DOM_HAVE_PTHREADS -Wno-parentheses-equality -falign-functions -mstackrealign -msse2 -mfpmath=sse     "-IC:/Users/ZacharyCooper-Baldoc/AppData/Roaming/.openmodelica/libraries/Modelica 4.1.0+maint.om/Resources/C-Sources" "-IC:/OMLibs/modelica-buildings/Buildings/Resources/C-Sources" -I"C:/OpenModelica/include/omc/c" -I"C:/OpenModelica/include/omc" -I. -DOPENMODELICA_XML_FROM_FILE_AT_RUNTIME -DOMC_MODEL_PREFIX=tmp_two_returns_res -DOMC_NUM_MIXED_SYSTEMS=0 -DOMC_NUM_LINEAR_SYSTEMS=3 -DOMC_NUM_NONLINEAR_SYSTEMS=7 -DOMC_NDELAY_EXPRESSIONS=0 -DOMC_NVAR_STRING=0  -c -o tmp_two_returns_res.o tmp_two_returns_res.c
clang -municode  -Os -DOM_HAVE_PTHREADS -Wno-parentheses-equality -falign-functions -mstackrealign -msse2 -mfpmath=sse     "-IC:/Users/ZacharyCooper-Baldoc/AppData/Roaming/.openmodelica/libraries/Modelica 4.1.0+maint.om/Resources/C-Sources" "-IC:/OMLibs/modelica-buildings/Buildings/Resources/C-Sources" -I"C:/OpenModelica/include/omc/c" -I"C:/OpenModelica/include/omc" -I. -DOPENMODELICA_XML_FROM_FILE_AT_RUNTIME -DOMC_MODEL_PREFIX=tmp_two_returns_res -DOMC_NUM_MIXED_SYSTEMS=0 -DOMC_NUM_LINEAR_SYSTEMS=3 -DOMC_NUM_NONLINEAR_SYSTEMS=7 -DOMC_NDELAY_EXPRESSIONS=0 -DOMC_NVAR_STRING=0  -c -o tmp_two_returns_res_functions.o tmp_two_returns_res_functions.c
clang -municode  -Os -DOM_HAVE_PTHREADS -Wno-parentheses-equality -falign-functions -mstackrealign -msse2 -mfpmath=sse     "-IC:/Users/ZacharyCooper-Baldoc/AppData/Roaming/.openmodelica/libraries/Modelica 4.1.0+maint.om/Resources/C-Sources" "-IC:/OMLibs/modelica-buildings/Buildings/Resources/C-Sources" -I"C:/OpenModelica/include/omc/c" -I"C:/OpenModelica/include/omc" -I. -DOPENMODELICA_XML_FROM_FILE_AT_RUNTIME -DOMC_MODEL_PREFIX=tmp_two_returns_res -DOMC_NUM_MIXED_SYSTEMS=0 -DOMC_NUM_LINEAR_SYSTEMS=3 -DOMC_NUM_NONLINEAR_SYSTEMS=7 -DOMC_NDELAY_EXPRESSIONS=0 -DOMC_NVAR_STRING=0  -c -o tmp_two_returns_res_records.o tmp_two_returns_res_records.c
clang -municode  -Os -DOM_HAVE_PTHREADS -Wno-parentheses-equality -falign-functions -mstackrealign -msse2 -mfpmath=sse     "-IC:/Users/ZacharyCooper-Baldoc/AppData/Roaming/.openmodelica/libraries/Modelica 4.1.0+maint.om/Resources/C-Sources" "-IC:/OMLibs/modelica-buildings/Buildings/Resources/C-Sources" -I"C:/OpenModelica/include/omc/c" -I"C:/OpenModelica/include/omc" -I. -DOPENMODELICA_XML_FROM_FILE_AT_RUNTIME -DOMC_MODEL_PREFIX=tmp_two_returns_res -DOMC_NUM_MIXED_SYSTEMS=0 -DOMC_NUM_LINEAR_SYSTEMS=3 -DOMC_NUM_NONLINEAR_SYSTEMS=7 -DOMC_NDELAY_EXPRESSIONS=0 -DOMC_NVAR_STRING=0  -c -o tmp_two_returns_res_01exo.o tmp_two_returns_res_01exo.c
clang -municode  -Os -DOM_HAVE_PTHREADS -Wno-parentheses-equality -falign-functions -mstackrealign -msse2 -mfpmath=sse     "-IC:/Users/ZacharyCooper-Baldoc/AppData/Roaming/.openmodelica/libraries/Modelica 4.1.0+maint.om/Resources/C-Sources" "-IC:/OMLibs/modelica-buildings/Buildings/Resources/C-Sources" -I"C:/OpenModelica/include/omc/c" -I"C:/OpenModelica/include/omc" -I. -DOPENMODELICA_XML_FROM_FILE_AT_RUNTIME -DOMC_MODEL_PREFIX=tmp_two_returns_res -DOMC_NUM_MIXED_SYSTEMS=0 -DOMC_NUM_LINEAR_SYSTEMS=3 -DOMC_NUM_NONLINEAR_SYSTEMS=7 -DOMC_NDELAY_EXPRESSIONS=0 -DOMC_NVAR_STRING=0  -c -o tmp_two_returns_res_02nls.o tmp_two_returns_res_02nls.c
clang -municode  -Os -DOM_HAVE_PTHREADS -Wno-parentheses-equality -falign-functions -mstackrealign -msse2 -mfpmath=sse     "-IC:/Users/ZacharyCooper-Baldoc/AppData/Roaming/.openmodelica/libraries/Modelica 4.1.0+maint.om/Resources/C-Sources" "-IC:/OMLibs/modelica-buildings/Buildings/Resources/C-Sources" -I"C:/OpenModelica/include/omc/c" -I"C:/OpenModelica/include/omc" -I. -DOPENMODELICA_XML_FROM_FILE_AT_RUNTIME -DOMC_MODEL_PREFIX=tmp_two_returns_res -DOMC_NUM_MIXED_SYSTEMS=0 -DOMC_NUM_LINEAR_SYSTEMS=3 -DOMC_NUM_NONLINEAR_SYSTEMS=7 -DOMC_NDELAY_EXPRESSIONS=0 -DOMC_NVAR_STRING=0  -c -o tmp_two_returns_res_03lsy.o tmp_two_returns_res_03lsy.c
clang -municode  -Os -DOM_HAVE_PTHREADS -Wno-parentheses-equality -falign-functions -mstackrealign -msse2 -mfpmath=sse     "-IC:/Users/ZacharyCooper-Baldoc/AppData/Roaming/.openmodelica/libraries/Modelica 4.1.0+maint.om/Resources/C-Sources" "-IC:/OMLibs/modelica-buildings/Buildings/Resources/C-Sources" -I"C:/OpenModelica/include/omc/c" -I"C:/OpenModelica/include/omc" -I. -DOPENMODELICA_XML_FROM_FILE_AT_RUNTIME -DOMC_MODEL_PREFIX=tmp_two_returns_res -DOMC_NUM_MIXED_SYSTEMS=0 -DOMC_NUM_LINEAR_SYSTEMS=3 -DOMC_NUM_NONLINEAR_SYSTEMS=7 -DOMC_NDELAY_EXPRESSIONS=0 -DOMC_NVAR_STRING=0  -c -o tmp_two_returns_res_04set.o tmp_two_returns_res_04set.c
clang -municode  -Os -DOM_HAVE_PTHREADS -Wno-parentheses-equality -falign-functions -mstackrealign -msse2 -mfpmath=sse     "-IC:/Users/ZacharyCooper-Baldoc/AppData/Roaming/.openmodelica/libraries/Modelica 4.1.0+maint.om/Resources/C-Sources" "-IC:/OMLibs/modelica-buildings/Buildings/Resources/C-Sources" -I"C:/OpenModelica/include/omc/c" -I"C:/OpenModelica/include/omc" -I. -DOPENMODELICA_XML_FROM_FILE_AT_RUNTIME -DOMC_MODEL_PREFIX=tmp_two_returns_res -DOMC_NUM_MIXED_SYSTEMS=0 -DOMC_NUM_LINEAR_SYSTEMS=3 -DOMC_NUM_NONLINEAR_SYSTEMS=7 -DOMC_NDELAY_EXPRESSIONS=0 -DOMC_NVAR_STRING=0  -c -o tmp_two_returns_res_05evt.o tmp_two_returns_res_05evt.c
clang -municode  -Os -DOM_HAVE_PTHREADS -Wno-parentheses-equality -falign-functions -mstackrealign -msse2 -mfpmath=sse     "-IC:/Users/ZacharyCooper-Baldoc/AppData/Roaming/.openmodelica/libraries/Modelica 4.1.0+maint.om/Resources/C-Sources" "-IC:/OMLibs/modelica-buildings/Buildings/Resources/C-Sources" -I"C:/OpenModelica/include/omc/c" -I"C:/OpenModelica/include/omc" -I. -DOPENMODELICA_XML_FROM_FILE_AT_RUNTIME -DOMC_MODEL_PREFIX=tmp_two_returns_res -DOMC_NUM_MIXED_SYSTEMS=0 -DOMC_NUM_LINEAR_SYSTEMS=3 -DOMC_NUM_NONLINEAR_SYSTEMS=7 -DOMC_NDELAY_EXPRESSIONS=0 -DOMC_NVAR_STRING=0  -c -o tmp_two_returns_res_06inz.o tmp_two_returns_res_06inz.c
clang -municode  -Os -DOM_HAVE_PTHREADS -Wno-parentheses-equality -falign-functions -mstackrealign -msse2 -mfpmath=sse     "-IC:/Users/ZacharyCooper-Baldoc/AppData/Roaming/.openmodelica/libraries/Modelica 4.1.0+maint.om/Resources/C-Sources" "-IC:/OMLibs/modelica-buildings/Buildings/Resources/C-Sources" -I"C:/OpenModelica/include/omc/c" -I"C:/OpenModelica/include/omc" -I. -DOPENMODELICA_XML_FROM_FILE_AT_RUNTIME -DOMC_MODEL_PREFIX=tmp_two_returns_res -DOMC_NUM_MIXED_SYSTEMS=0 -DOMC_NUM_LINEAR_SYSTEMS=3 -DOMC_NUM_NONLINEAR_SYSTEMS=7 -DOMC_NDELAY_EXPRESSIONS=0 -DOMC_NVAR_STRING=0  -c -o tmp_two_returns_res_07dly.o tmp_two_returns_res_07dly.c
      0 [main] sh (7260) C:\OPENMO~1\tools\msys\usr\bin\sh.exe: *** fatal error - couldn't create signal pipe, Win32 error 5
      0 [main] sh (32516) C:\OPENMO~1\tools\msys\usr\bin\sh.exe: *** fatal error - CreateFileMapping S-1-12-1-1739672924-1239548376-3687799741-1797775187.1, Win32 error 5.  Terminating.
      0 [main] sh (6808) C:\OPENMO~1\tools\msys\usr\bin\sh.exe: *** fatal error - CreateFileMapping S-1-12-1-1739672924-1239548376-3687799741-1797775187.1, Win32 error 5.  Terminating.
      0 [main] sh (21288) C:\OPENMO~1\tools\msys\usr\bin\sh.exe: *** fatal error - CreateFileMapping S-1-12-1-1739672924-1239548376-3687799741-1797775187.1, Win32 error 5.  Terminating.
      0 [main] sh (21284) C:\OPENMO~1\tools\msys\usr\bin\sh.exe: *** fatal error - CreateFileMapping S-1-12-1-1739672924-1239548376-3687799741-1797775187.1, Win32 error 5.  Terminating.
      0 [main] sh (51108) C:\OPENMO~1\tools\msys\usr\bin\sh.exe: *** fatal error - CreateFileMapping S-1-12-1-1739672924-1239548376-3687799741-1797775187.1, Win32 error 5.  Terminating.
      0 [main] sh (21532) C:\OPENMO~1\tools\msys\usr\bin\sh.exe: *** fatal error - CreateFileMapping S-1-12-1-1739672924-1239548376-3687799741-1797775187.1, Win32 error 5.  Terminating.
      1 [main] sh (20688) C:\OPENMO~1\tools\msys\usr\bin\sh.exe: *** fatal error - CreateFileMapping S-1-12-1-1739672924-1239548376-3687799741-1797775187.1, Win32 error 5.  Terminating.
      0 [main] sh (36640) C:\OPENMO~1\tools\msys\usr\bin\sh.exe: *** fatal error - CreateFileMapping S-1-12-1-1739672924-1239548376-3687799741-1797775187.1, Win32 error 5.  Terminating.
clang -municode  -Os -DOM_HAVE_PTHREADS -Wno-parentheses-equality -falign-functions -mstackrealign -msse2 -mfpmath=sse     "-IC:/Users/ZacharyCooper-Baldoc/AppData/Roaming/.openmodelica/libraries/Modelica 4.1.0+maint.om/Resources/C-Sources" "-IC:/OMLibs/modelica-buildings/Buildings/Resources/C-Sources" -I"C:/OpenModelica/include/omc/c" -I"C:/OpenModelica/include/omc" -I. -DOPENMODELICA_XML_FROM_FILE_AT_RUNTIME -DOMC_MODEL_PREFIX=tmp_two_returns_res -DOMC_NUM_MIXED_SYSTEMS=0 -DOMC_NUM_LINEAR_SYSTEMS=3 -DOMC_NUM_NONLINEAR_SYSTEMS=7 -DOMC_NDELAY_EXPRESSIONS=0 -DOMC_NVAR_STRING=0  -c -o tmp_two_returns_res_08bnd.o tmp_two_returns_res_08bnd.c
clang -municode  -Os -DOM_HAVE_PTHREADS -Wno-parentheses-equality -falign-functions -mstackrealign -msse2 -mfpmath=sse     "-IC:/Users/ZacharyCooper-Baldoc/AppData/Roaming/.openmodelica/libraries/Modelica 4.1.0+maint.om/Resources/C-Sources" "-IC:/OMLibs/modelica-buildings/Buildings/Resources/C-Sources" -I"C:/OpenModelica/include/omc/c" -I"C:/OpenModelica/include/omc" -I. -DOPENMODELICA_XML_FROM_FILE_AT_RUNTIME -DOMC_MODEL_PREFIX=tmp_two_returns_res -DOMC_NUM_MIXED_SYSTEMS=0 -DOMC_NUM_LINEAR_SYSTEMS=3 -DOMC_NUM_NONLINEAR_SYSTEMS=7 -DOMC_NDELAY_EXPRESSIONS=0 -DOMC_NVAR_STRING=0  -c -o tmp_two_returns_res_09alg.o tmp_two_returns_res_09alg.c
      0 [main] sh (23492) C:\OPENMO~1\tools\msys\usr\bin\sh.exe: *** fatal error - CreateFileMapping S-1-12-1-1739672924-1239548376-3687799741-1797775187.1, Win32 error 5.  Terminating.
clang -municode  -Os -DOM_HAVE_PTHREADS -Wno-parentheses-equality -falign-functions -mstackrealign -msse2 -mfpmath=sse     "-IC:/Users/ZacharyCooper-Baldoc/AppData/Roaming/.openmodelica/libraries/Modelica 4.1.0+maint.om/Resources/C-Sources" "-IC:/OMLibs/modelica-buildings/Buildings/Resources/C-Sources" -I"C:/OpenModelica/include/omc/c" -I"C:/OpenModelica/include/omc" -I. -DOPENMODELICA_XML_FROM_FILE_AT_RUNTIME -DOMC_MODEL_PREFIX=tmp_two_returns_res -DOMC_NUM_MIXED_SYSTEMS=0 -DOMC_NUM_LINEAR_SYSTEMS=3 -DOMC_NUM_NONLINEAR_SYSTEMS=7 -DOMC_NDELAY_EXPRESSIONS=0 -DOMC_NVAR_STRING=0  -c -o tmp_two_returns_res_10asr.o tmp_two_returns_res_10asr.c
      0 [main] sh (46524) C:\OPENMO~1\tools\msys\usr\bin\sh.exe: *** fatal error - CreateFileMapping S-1-12-1-1739672924-1239548376-3687799741-1797775187.1, Win32 error 5.  Terminating.
clang -municode  -Os -DOM_HAVE_PTHREADS -Wno-parentheses-equality -falign-functions -mstackrealign -msse2 -mfpmath=sse     "-IC:/Users/ZacharyCooper-Baldoc/AppData/Roaming/.openmodelica/libraries/Modelica 4.1.0+maint.om/Resources/C-Sources" "-IC:/OMLibs/modelica-buildings/Buildings/Resources/C-Sources" -I"C:/OpenModelica/include/omc/c" -I"C:/OpenModelica/include/omc" -I. -DOPENMODELICA_XML_FROM_FILE_AT_RUNTIME -DOMC_MODEL_PREFIX=tmp_two_returns_res -DOMC_NUM_MIXED_SYSTEMS=0 -DOMC_NUM_LINEAR_SYSTEMS=3 -DOMC_NUM_NONLINEAR_SYSTEMS=7 -DOMC_NDELAY_EXPRESSIONS=0 -DOMC_NVAR_STRING=0  -c -o tmp_two_returns_res_11mix.o tmp_two_returns_res_11mix.c
      1 [main] sh (16064) C:\OPENMO~1\tools\msys\usr\bin\sh.exe: *** fatal error - CreateFileMapping S-1-12-1-1739672924-1239548376-3687799741-1797775187.1, Win32 error 5.  Terminating.
clang -municode  -Os -DOM_HAVE_PTHREADS -Wno-parentheses-equality -falign-functions -mstackrealign -msse2 -mfpmath=sse     "-IC:/Users/ZacharyCooper-Baldoc/AppData/Roaming/.openmodelica/libraries/Modelica 4.1.0+maint.om/Resources/C-Sources" "-IC:/OMLibs/modelica-buildings/Buildings/Resources/C-Sources" -I"C:/OpenModelica/include/omc/c" -I"C:/OpenModelica/include/omc" -I. -DOPENMODELICA_XML_FROM_FILE_AT_RUNTIME -DOMC_MODEL_PREFIX=tmp_two_returns_res -DOMC_NUM_MIXED_SYSTEMS=0 -DOMC_NUM_LINEAR_SYSTEMS=3 -DOMC_NUM_NONLINEAR_SYSTEMS=7 -DOMC_NDELAY_EXPRESSIONS=0 -DOMC_NVAR_STRING=0  -c -o tmp_two_returns_res_12jac.o tmp_two_returns_res_12jac.c
      0 [main] sh (42156) C:\OPENMO~1\tools\msys\usr\bin\sh.exe: *** fatal error - CreateFileMapping S-1-12-1-1739672924-1239548376-3687799741-1797775187.1, Win32 error 5.  Terminating.
clang -municode  -Os -DOM_HAVE_PTHREADS -Wno-parentheses-equality -falign-functions -mstackrealign -msse2 -mfpmath=sse     "-IC:/Users/ZacharyCooper-Baldoc/AppData/Roaming/.openmodelica/libraries/Modelica 4.1.0+maint.om/Resources/C-Sources" "-IC:/OMLibs/modelica-buildings/Buildings/Resources/C-Sources" -I"C:/OpenModelica/include/omc/c" -I"C:/OpenModelica/include/omc" -I. -DOPENMODELICA_XML_FROM_FILE_AT_RUNTIME -DOMC_MODEL_PREFIX=tmp_two_returns_res -DOMC_NUM_MIXED_SYSTEMS=0 -DOMC_NUM_LINEAR_SYSTEMS=3 -DOMC_NUM_NONLINEAR_SYSTEMS=7 -DOMC_NDELAY_EXPRESSIONS=0 -DOMC_NVAR_STRING=0  -c -o tmp_two_returns_res_13opt.o tmp_two_returns_res_13opt.c
      0 [main] sh (22564) C:\OPENMO~1\tools\msys\usr\bin\sh.exe: *** fatal error - CreateFileMapping S-1-12-1-1739672924-1239548376-3687799741-1797775187.1, Win32 error 5.  Terminating.
clang -municode  -Os -DOM_HAVE_PTHREADS -Wno-parentheses-equality -falign-functions -mstackrealign -msse2 -mfpmath=sse     "-IC:/Users/ZacharyCooper-Baldoc/AppData/Roaming/.openmodelica/libraries/Modelica 4.1.0+maint.om/Resources/C-Sources" "-IC:/OMLibs/modelica-buildings/Buildings/Resources/C-Sources" -I"C:/OpenModelica/include/omc/c" -I"C:/OpenModelica/include/omc" -I. -DOPENMODELICA_XML_FROM_FILE_AT_RUNTIME -DOMC_MODEL_PREFIX=tmp_two_returns_res -DOMC_NUM_MIXED_SYSTEMS=0 -DOMC_NUM_LINEAR_SYSTEMS=3 -DOMC_NUM_NONLINEAR_SYSTEMS=7 -DOMC_NDELAY_EXPRESSIONS=0 -DOMC_NVAR_STRING=0  -c -o tmp_two_returns_res_14lnz.o tmp_two_returns_res_14lnz.c
      1 [main] sh (26160) C:\OPENMO~1\tools\msys\usr\bin\sh.exe: *** fatal error - CreateFileMapping S-1-12-1-1739672924-1239548376-3687799741-1797775187.1, Win32 error 5.  Terminating.
clang -municode  -Os -DOM_HAVE_PTHREADS -Wno-parentheses-equality -falign-functions -mstackrealign -msse2 -mfpmath=sse     "-IC:/Users/ZacharyCooper-Baldoc/AppData/Roaming/.openmodelica/libraries/Modelica 4.1.0+maint.om/Resources/C-Sources" "-IC:/OMLibs/modelica-buildings/Buildings/Resources/C-Sources" -I"C:/OpenModelica/include/omc/c" -I"C:/OpenModelica/include/omc" -I. -DOPENMODELICA_XML_FROM_FILE_AT_RUNTIME -DOMC_MODEL_PREFIX=tmp_two_returns_res -DOMC_NUM_MIXED_SYSTEMS=0 -DOMC_NUM_LINEAR_SYSTEMS=3 -DOMC_NUM_NONLINEAR_SYSTEMS=7 -DOMC_NDELAY_EXPRESSIONS=0 -DOMC_NVAR_STRING=0  -c -o tmp_two_returns_res_15syn.o tmp_two_returns_res_15syn.c
      0 [main] sh (23348) C:\OPENMO~1\tools\msys\usr\bin\sh.exe: *** fatal error - CreateFileMapping S-1-12-1-1739672924-1239548376-3687799741-1797775187.1, Win32 error 5.  Terminating.
clang -municode  -Os -DOM_HAVE_PTHREADS -Wno-parentheses-equality -falign-functions -mstackrealign -msse2 -mfpmath=sse     "-IC:/Users/ZacharyCooper-Baldoc/AppData/Roaming/.openmodelica/libraries/Modelica 4.1.0+maint.om/Resources/C-Sources" "-IC:/OMLibs/modelica-buildings/Buildings/Resources/C-Sources" -I"C:/OpenModelica/include/omc/c" -I"C:/OpenModelica/include/omc" -I. -DOPENMODELICA_XML_FROM_FILE_AT_RUNTIME -DOMC_MODEL_PREFIX=tmp_two_returns_res -DOMC_NUM_MIXED_SYSTEMS=0 -DOMC_NUM_LINEAR_SYSTEMS=3 -DOMC_NUM_NONLINEAR_SYSTEMS=7 -DOMC_NDELAY_EXPRESSIONS=0 -DOMC_NVAR_STRING=0  -c -o tmp_two_returns_res_16dae.o tmp_two_returns_res_16dae.c
      0 [main] sh (52628) C:\OPENMO~1\tools\msys\usr\bin\sh.exe: *** fatal error - CreateFileMapping S-1-12-1-1739672924-1239548376-3687799741-1797775187.1, Win32 error 5.  Terminating.
clang -municode  -Os -DOM_HAVE_PTHREADS -Wno-parentheses-equality -falign-functions -mstackrealign -msse2 -mfpmath=sse     "-IC:/Users/ZacharyCooper-Baldoc/AppData/Roaming/.openmodelica/libraries/Modelica 4.1.0+maint.om/Resources/C-Sources" "-IC:/OMLibs/modelica-buildings/Buildings/Resources/C-Sources" -I"C:/OpenModelica/include/omc/c" -I"C:/OpenModelica/include/omc" -I. -DOPENMODELICA_XML_FROM_FILE_AT_RUNTIME -DOMC_MODEL_PREFIX=tmp_two_returns_res -DOMC_NUM_MIXED_SYSTEMS=0 -DOMC_NUM_LINEAR_SYSTEMS=3 -DOMC_NUM_NONLINEAR_SYSTEMS=7 -DOMC_NDELAY_EXPRESSIONS=0 -DOMC_NVAR_STRING=0  -c -o tmp_two_returns_res_17inl.o tmp_two_returns_res_17inl.c
      0 [main] sh (51136) C:\OPENMO~1\tools\msys\usr\bin\sh.exe: *** fatal error - CreateFileMapping S-1-12-1-1739672924-1239548376-3687799741-1797775187.1, Win32 error 5.  Terminating.
clang -municode  -Os -DOM_HAVE_PTHREADS -Wno-parentheses-equality -falign-functions -mstackrealign -msse2 -mfpmath=sse     "-IC:/Users/ZacharyCooper-Baldoc/AppData/Roaming/.openmodelica/libraries/Modelica 4.1.0+maint.om/Resources/C-Sources" "-IC:/OMLibs/modelica-buildings/Buildings/Resources/C-Sources" -I"C:/OpenModelica/include/omc/c" -I"C:/OpenModelica/include/omc" -I. -DOPENMODELICA_XML_FROM_FILE_AT_RUNTIME -DOMC_MODEL_PREFIX=tmp_two_returns_res -DOMC_NUM_MIXED_SYSTEMS=0 -DOMC_NUM_LINEAR_SYSTEMS=3 -DOMC_NUM_NONLINEAR_SYSTEMS=7 -DOMC_NDELAY_EXPRESSIONS=0 -DOMC_NVAR_STRING=0  -c -o tmp_two_returns_res_18spd.o tmp_two_returns_res_18spd.c
clang -municode  -Os -DOM_HAVE_PTHREADS -Wno-parentheses-equality -falign-functions -mstackrealign -msse2 -mfpmath=sse     "-IC:/Users/ZacharyCooper-Baldoc/AppData/Roaming/.openmodelica/libraries/Modelica 4.1.0+maint.om/Resources/C-Sources" "-IC:/OMLibs/modelica-buildings/Buildings/Resources/C-Sources" -I"C:/OpenModelica/include/omc/c" -I"C:/OpenModelica/include/omc" -I. -DOPENMODELICA_XML_FROM_FILE_AT_RUNTIME -DOMC_MODEL_PREFIX=tmp_two_returns_res -DOMC_NUM_MIXED_SYSTEMS=0 -DOMC_NUM_LINEAR_SYSTEMS=3 -DOMC_NUM_NONLINEAR_SYSTEMS=7 -DOMC_NDELAY_EXPRESSIONS=0 -DOMC_NVAR_STRING=0  -c -o tmp_two_returns_res_08bnd_part0.o tmp_two_returns_res_08bnd_part0.c
      0 [main] sh (51012) C:\OPENMO~1\tools\msys\usr\bin\sh.exe: *** fatal error - CreateFileMapping S-1-12-1-1739672924-1239548376-3687799741-1797775187.1, Win32 error 5.  Terminating.
      1 [main] sh (45700) C:\OPENMO~1\tools\msys\usr\bin\sh.exe: *** fatal error - CreateFileMapping S-1-12-1-1739672924-1239548376-3687799741-1797775187.1, Win32 error 5.  Terminating.
      0 [main] sh (44960) C:\OPENMO~1\tools\msys\usr\bin\sh.exe: *** fatal error - CreateFileMapping S-1-12-1-1739672924-1239548376-3687799741-1797775187.1, Win32 error 5.  Terminating.
      0 [main] sh (50668) C:\OPENMO~1\tools\msys\usr\bin\sh.exe: *** fatal error - CreateFileMapping S-1-12-1-1739672924-1239548376-3687799741-1797775187.1, Win32 error 5.  Terminating.
mingw32-make: *** [<builtin>: tmp_two_returns_res_05evt.o] Error -1073741502
mingw32-make: *** Waiting for unfinished jobs....
mingw32-make: *** [<builtin>: tmp_two_returns_res_01exo.o] Error -1073741502
mingw32-make: *** [<builtin>: tmp_two_returns_res_13opt.o] Error -1073741502
mingw32-make: *** [<builtin>: tmp_two_returns_res_17inl.o] Error -1073741502
mingw32-make: *** [<builtin>: tmp_two_returns_res_08bnd_part0.o] Error -1073741502
mingw32-make: *** [<builtin>: tmp_two_returns_res_12jac.o] Error -1073741502
mingw32-make: *** [<builtin>: tmp_two_returns_res_02nls.o] Error -1073741502
mingw32-make: *** [<builtin>: tmp_two_returns_res_08bnd.o] Error -1073741502
mingw32-make: *** [<builtin>: tmp_two_returns_res_15syn.o] Error -1073741502
mingw32-make: *** [<builtin>: tmp_two_returns_res_18spd.o] Error -1073741502
mingw32-make: *** [<builtin>: tmp_two_returns_res_14lnz.o] Error -1073741502
mingw32-make: *** [<builtin>: tmp_two_returns_res_03lsy.o] Error -1073741502
mingw32-make: *** [<builtin>: tmp_two_returns_res_16dae.o] Error -1073741502
mingw32-make: *** [<builtin>: tmp_two_returns_res_07dly.o] Error -1073741502
mingw32-make: *** [<builtin>: tmp_two_returns_res_04set.o] Error -1073741502
mingw32-make: *** [<builtin>: tmp_two_returns_res_09alg.o] Error -1073741502
mingw32-make: *** [<builtin>: tmp_two_returns_res_06inz.o] Error -1073741502
mingw32-make: *** [<builtin>: tmp_two_returns_res_functions.o] Error -1073741502
mingw32-make: *** [<builtin>: tmp_two_returns_res_10asr.o] Error -1073741502
mingw32-make: *** [<builtin>: tmp_two_returns_res_records.o] Error -1073741502
mingw32-make: *** [<builtin>: tmp_two_returns_res.o] Error -1073741502
mingw32-make: *** [<builtin>: tmp_two_returns_res_11mix.o] Error -1073741502
mingw32-make: Leaving directory 'c:/Users/ZACHAR~1/Desktop/REPOSI~1/CFD/output/TM61FA~1'
RESULT: 2 
