	linux-vdso.so.1 (0x00007fff2d984000)
	libffd.so => /workspace/external/modelica-buildings/Buildings/Resources/Library/linux64/libffd.so (0x000071251ac79000)
	libSimulationRuntimeC.so => /usr/bin/../lib/x86_64-linux-gnu/omc/libSimulationRuntimeC.so (0x000071251a35b000)
	liblapack.so.3 => /lib/x86_64-linux-gnu/liblapack.so.3 (0x0000712519c1e000)
	libblas.so.3 => /lib/x86_64-linux-gnu/libblas.so.3 (0x0000712519b76000)
	libm.so.6 => /lib/x86_64-linux-gnu/libm.so.6 (0x0000712519a8f000)
	libomcgc.so.1 => /usr/bin/../lib/x86_64-linux-gnu/omc/libomcgc.so.1 (0x0000712519815000)
	libc.so.6 => /lib/x86_64-linux-gnu/libc.so.6 (0x00007125195ec000)
	libcurl.so.4 => /lib/x86_64-linux-gnu/libcurl.so.4 (0x0000712519545000)
	libexpat.so.1 => /lib/x86_64-linux-gnu/libexpat.so.1 (0x0000712519514000)
	libstdc++.so.6 => /lib/x86_64-linux-gnu/libstdc++.so.6 (0x00007125192e6000)
	libsundials_nvecserial.so.5 => /usr/bin/../lib/x86_64-linux-gnu/omc/libsundials_nvecserial.so.5 (0x00007125192db000)
	libsundials_sunmatrixdense.so.3 => /usr/bin/../lib/x86_64-linux-gnu/omc/libsundials_sunmatrixdense.so.3 (0x00007125192d3000)
	libsundials_sunmatrixsparse.so.3 => /usr/bin/../lib/x86_64-linux-gnu/omc/libsundials_sunmatrixsparse.so.3 (0x00007125192ca000)
	libsundials_sunlinsoldense.so.3 => /usr/bin/../lib/x86_64-linux-gnu/omc/libsundials_sunlinsoldense.so.3 (0x00007125192c3000)
	libsundials_sunlinsolklu.so.3 => /usr/bin/../lib/x86_64-linux-gnu/omc/libsundials_sunlinsolklu.so.3 (0x00007125192bb000)
	libsundials_sunlinsollapackdense.so.3 => /usr/bin/../lib/x86_64-linux-gnu/omc/libsundials_sunlinsollapackdense.so.3 (0x00007125192b6000)
	libsundials_sunlinsolspbcgs.so.3 => /usr/bin/../lib/x86_64-linux-gnu/omc/libsundials_sunlinsolspbcgs.so.3 (0x00007125192ad000)
	libsundials_sunlinsolspfgmr.so.3 => /usr/bin/../lib/x86_64-linux-gnu/omc/libsundials_sunlinsolspfgmr.so.3 (0x00007125192a4000)
	libsundials_sunlinsolspgmr.so.3 => /usr/bin/../lib/x86_64-linux-gnu/omc/libsundials_sunlinsolspgmr.so.3 (0x000071251929b000)
	libsundials_sunlinsolsptfqmr.so.3 => /usr/bin/../lib/x86_64-linux-gnu/omc/libsundials_sunlinsolsptfqmr.so.3 (0x0000712519291000)
	libsundials_sunnonlinsolnewton.so.2 => /usr/bin/../lib/x86_64-linux-gnu/omc/libsundials_sunnonlinsolnewton.so.2 (0x0000712519285000)
	libsundials_cvode.so.5 => /usr/bin/../lib/x86_64-linux-gnu/omc/libsundials_cvode.so.5 (0x0000712519251000)
	libsundials_cvodes.so.5 => /usr/bin/../lib/x86_64-linux-gnu/omc/libsundials_cvodes.so.5 (0x0000712519207000)
	libsundials_idas.so.4 => /usr/bin/../lib/x86_64-linux-gnu/omc/libsundials_idas.so.4 (0x00007125191bf000)
	libsundials_kinsol.so.5 => /usr/bin/../lib/x86_64-linux-gnu/omc/libsundials_kinsol.so.5 (0x0000712519196000)
	libumfpack.so => /usr/bin/../lib/x86_64-linux-gnu/omc/libumfpack.so (0x0000712519105000)
	libklu.so => /usr/bin/../lib/x86_64-linux-gnu/omc/libklu.so (0x00007125190e4000)
	libbtf.so => /usr/bin/../lib/x86_64-linux-gnu/omc/libbtf.so (0x00007125190df000)
	libcolamd.so => /usr/bin/../lib/x86_64-linux-gnu/omc/libcolamd.so (0x00007125190d7000)
	libamd.so => /usr/bin/../lib/x86_64-linux-gnu/omc/libamd.so (0x00007125190cd000)
	libsuitesparseconfig.so => /usr/bin/../lib/x86_64-linux-gnu/omc/libsuitesparseconfig.so (0x00007125190c8000)
	liblis.so.0 => /usr/bin/../lib/x86_64-linux-gnu/omc/liblis.so.0 (0x0000712519050000)
	libcminpack.so.1 => /usr/bin/../lib/x86_64-linux-gnu/omc/libcminpack.so.1 (0x0000712519025000)
	libgcc_s.so.1 => /lib/x86_64-linux-gnu/libgcc_s.so.1 (0x0000712519005000)
	/lib64/ld-linux-x86-64.so.2 (0x000071251ae96000)
	libgfortran.so.5 => /lib/x86_64-linux-gnu/libgfortran.so.5 (0x0000712518d2a000)
	libnghttp2.so.14 => /lib/x86_64-linux-gnu/libnghttp2.so.14 (0x0000712518d00000)
	libidn2.so.0 => /lib/x86_64-linux-gnu/libidn2.so.0 (0x0000712518cdf000)
	librtmp.so.1 => /lib/x86_64-linux-gnu/librtmp.so.1 (0x0000712518cbe000)
	libssh.so.4 => /lib/x86_64-linux-gnu/libssh.so.4 (0x0000712518c50000)
	libpsl.so.5 => /lib/x86_64-linux-gnu/libpsl.so.5 (0x0000712518c3c000)
	libssl.so.3 => /lib/x86_64-linux-gnu/libssl.so.3 (0x0000712518b98000)
	libcrypto.so.3 => /lib/x86_64-linux-gnu/libcrypto.so.3 (0x0000712518754000)
	libgssapi_krb5.so.2 => /lib/x86_64-linux-gnu/libgssapi_krb5.so.2 (0x0000712518700000)
	libldap-2.5.so.0 => /lib/x86_64-linux-gnu/libldap-2.5.so.0 (0x000071251869e000)
	liblber-2.5.so.0 => /lib/x86_64-linux-gnu/liblber-2.5.so.0 (0x000071251868d000)
	libzstd.so.1 => /lib/x86_64-linux-gnu/libzstd.so.1 (0x00007125185be000)
	libbrotlidec.so.1 => /lib/x86_64-linux-gnu/libbrotlidec.so.1 (0x00007125185b0000)
	libz.so.1 => /lib/x86_64-linux-gnu/libz.so.1 (0x0000712518594000)
	libquadmath.so.0 => /lib/x86_64-linux-gnu/libquadmath.so.0 (0x000071251854a000)
	libunistring.so.2 => /lib/x86_64-linux-gnu/libunistring.so.2 (0x00007125183a0000)
	libgnutls.so.30 => /lib/x86_64-linux-gnu/libgnutls.so.30 (0x00007125181b4000)
	libhogweed.so.6 => /lib/x86_64-linux-gnu/libhogweed.so.6 (0x000071251816c000)
	libnettle.so.8 => /lib/x86_64-linux-gnu/libnettle.so.8 (0x0000712518126000)
	libgmp.so.10 => /lib/x86_64-linux-gnu/libgmp.so.10 (0x00007125180a2000)
	libkrb5.so.3 => /lib/x86_64-linux-gnu/libkrb5.so.3 (0x0000712517fd7000)
	libk5crypto.so.3 => /lib/x86_64-linux-gnu/libk5crypto.so.3 (0x0000712517fa8000)
	libcom_err.so.2 => /lib/x86_64-linux-gnu/libcom_err.so.2 (0x0000712517fa2000)
	libkrb5support.so.0 => /lib/x86_64-linux-gnu/libkrb5support.so.0 (0x0000712517f94000)
	libsasl2.so.2 => /lib/x86_64-linux-gnu/libsasl2.so.2 (0x0000712517f77000)
	libbrotlicommon.so.1 => /lib/x86_64-linux-gnu/libbrotlicommon.so.1 (0x0000712517f54000)
	libp11-kit.so.0 => /lib/x86_64-linux-gnu/libp11-kit.so.0 (0x0000712517e19000)
	libtasn1.so.6 => /lib/x86_64-linux-gnu/libtasn1.so.6 (0x0000712517e01000)
	libkeyutils.so.1 => /lib/x86_64-linux-gnu/libkeyutils.so.1 (0x0000712517dfa000)
	libresolv.so.2 => /lib/x86_64-linux-gnu/libresolv.so.2 (0x0000712517de4000)
	libffi.so.8 => /lib/x86_64-linux-gnu/libffi.so.8 (0x0000712517dd7000)
